{
  "/Users/Mariia/Desktop/react-2025-Q3/rs-react-app/src/components/Button/Button.tsx": {
    "path": "/Users/Mariia/Desktop/react-2025-Q3/rs-react-app/src/components/Button/Button.tsx",
    "statementMap": {
      "0": {
        "start": { "line": 1, "column": 0 },
        "end": { "line": 1, "column": 34 }
      },
      "1": {
        "start": { "line": 6, "column": 4 },
        "end": { "line": 6, "column": 75 }
      },
      "2": {
        "start": { "line": 4, "column": 0 },
        "end": { "line": 4, "column": 13 }
      }
    },
    "fnMap": {
      "0": {
        "name": "(anonymous_0)",
        "decl": {
          "start": { "line": 5, "column": 2 },
          "end": { "line": 5, "column": 8 }
        },
        "loc": {
          "start": { "line": 5, "column": 8 },
          "end": { "line": 7, "column": 3 }
        }
      }
    },
    "branchMap": {},
    "s": { "0": 3, "1": 9, "2": 3 },
    "f": { "0": 9 },
    "b": {}
  },
  "/Users/Mariia/Desktop/react-2025-Q3/rs-react-app/src/components/Card/Card.tsx": {
    "path": "/Users/Mariia/Desktop/react-2025-Q3/rs-react-app/src/components/Card/Card.tsx",
    "statementMap": {
      "0": {
        "start": { "line": 1, "column": 0 },
        "end": { "line": 1, "column": 34 }
      },
      "1": {
        "start": { "line": 2, "column": 0 },
        "end": { "line": 2, "column": 48 }
      },
      "2": {
        "start": { "line": 4, "column": 0 },
        "end": { "line": 4, "column": 22 }
      },
      "3": {
        "start": { "line": 8, "column": 4 },
        "end": { "line": 13, "column": 6 }
      },
      "4": {
        "start": { "line": 6, "column": 0 },
        "end": { "line": 6, "column": 13 }
      }
    },
    "fnMap": {
      "0": {
        "name": "(anonymous_0)",
        "decl": {
          "start": { "line": 7, "column": 2 },
          "end": { "line": 7, "column": 8 }
        },
        "loc": {
          "start": { "line": 7, "column": 8 },
          "end": { "line": 14, "column": 3 }
        }
      }
    },
    "branchMap": {},
    "s": { "0": 2, "1": 2, "2": 2, "3": 2, "4": 2 },
    "f": { "0": 2 },
    "b": {}
  },
  "/Users/Mariia/Desktop/react-2025-Q3/rs-react-app/src/components/CardList/CardList.tsx": {
    "path": "/Users/Mariia/Desktop/react-2025-Q3/rs-react-app/src/components/CardList/CardList.tsx",
    "statementMap": {
      "0": {
        "start": { "line": 1, "column": 0 },
        "end": { "line": 1, "column": 34 }
      },
      "1": {
        "start": { "line": 3, "column": 0 },
        "end": { "line": 3, "column": 36 }
      },
      "2": {
        "start": { "line": 4, "column": 0 },
        "end": { "line": 4, "column": 22 }
      },
      "3": {
        "start": { "line": 6, "column": 0 },
        "end": { "line": 6, "column": 42 }
      },
      "4": {
        "start": { "line": 10, "column": 4 },
        "end": { "line": 26, "column": 6 }
      },
      "5": {
        "start": { "line": 15, "column": 14 },
        "end": { "line": 16, "column": null }
      },
      "6": {
        "start": { "line": 8, "column": 0 },
        "end": { "line": 8, "column": 21 }
      }
    },
    "fnMap": {
      "0": {
        "name": "(anonymous_0)",
        "decl": {
          "start": { "line": 9, "column": 2 },
          "end": { "line": 9, "column": 8 }
        },
        "loc": {
          "start": { "line": 9, "column": 8 },
          "end": { "line": 27, "column": 3 }
        }
      },
      "1": {
        "name": "(anonymous_1)",
        "decl": {
          "start": { "line": 14, "column": 32 },
          "end": { "line": 14, "column": 33 }
        },
        "loc": {
          "start": { "line": 15, "column": 14 },
          "end": { "line": 16, "column": null }
        }
      }
    },
    "branchMap": {
      "0": {
        "loc": {
          "start": { "line": 13, "column": 11 },
          "end": { "line": 22, "column": 14 }
        },
        "type": "binary-expr",
        "locations": [
          {
            "start": { "line": 13, "column": 11 },
            "end": { "line": 13, "column": 37 }
          },
          {
            "start": { "line": 14, "column": 12 },
            "end": { "line": 22, "column": 14 }
          }
        ]
      }
    },
    "s": { "0": 1, "1": 1, "2": 1, "3": 1, "4": 4, "5": 1, "6": 1 },
    "f": { "0": 4, "1": 1 },
    "b": { "0": [4, 1] }
  },
  "/Users/Mariia/Desktop/react-2025-Q3/rs-react-app/src/components/CardMeta/CardMeta.tsx": {
    "path": "/Users/Mariia/Desktop/react-2025-Q3/rs-react-app/src/components/CardMeta/CardMeta.tsx",
    "statementMap": {
      "0": {
        "start": { "line": 1, "column": 0 },
        "end": { "line": 1, "column": 34 }
      },
      "1": {
        "start": { "line": 3, "column": 0 },
        "end": { "line": 3, "column": 22 }
      },
      "2": {
        "start": { "line": 7, "column": 4 },
        "end": { "line": 22, "column": 6 }
      },
      "3": {
        "start": { "line": 5, "column": 0 },
        "end": { "line": 5, "column": 13 }
      }
    },
    "fnMap": {
      "0": {
        "name": "(anonymous_0)",
        "decl": {
          "start": { "line": 6, "column": 2 },
          "end": { "line": 6, "column": 8 }
        },
        "loc": {
          "start": { "line": 6, "column": 8 },
          "end": { "line": 23, "column": 3 }
        }
      }
    },
    "branchMap": {},
    "s": { "0": 3, "1": 3, "2": 3, "3": 3 },
    "f": { "0": 3 },
    "b": {}
  },
  "/Users/Mariia/Desktop/react-2025-Q3/rs-react-app/src/components/ErrorBoundary/ErrorBoundary.tsx": {
    "path": "/Users/Mariia/Desktop/react-2025-Q3/rs-react-app/src/components/ErrorBoundary/ErrorBoundary.tsx",
    "statementMap": {
      "0": {
        "start": { "line": 1, "column": 0 },
        "end": { "line": 1, "column": 50 }
      },
      "1": {
        "start": { "line": 9, "column": 4 },
        "end": { "line": 9, "column": 17 }
      },
      "2": {
        "start": { "line": 10, "column": 4 },
        "end": { "line": 10, "column": 37 }
      },
      "3": {
        "start": { "line": 14, "column": 4 },
        "end": { "line": 14, "column": 30 }
      },
      "4": {
        "start": { "line": 18, "column": 4 },
        "end": { "line": 18, "column": 64 }
      },
      "5": {
        "start": { "line": 22, "column": 4 },
        "end": { "line": 28, "column": 5 }
      },
      "6": {
        "start": { "line": 23, "column": 6 },
        "end": { "line": 27, "column": 8 }
      },
      "7": {
        "start": { "line": 30, "column": 4 },
        "end": { "line": 30, "column": 31 }
      },
      "8": {
        "start": { "line": 4, "column": 0 },
        "end": { "line": 4, "column": 13 }
      }
    },
    "fnMap": {
      "0": {
        "name": "(anonymous_0)",
        "decl": {
          "start": { "line": 8, "column": 2 },
          "end": { "line": 8, "column": 14 }
        },
        "loc": {
          "start": { "line": 8, "column": 39 },
          "end": { "line": 11, "column": 3 }
        }
      },
      "1": {
        "name": "(anonymous_1)",
        "decl": {
          "start": { "line": 13, "column": 2 },
          "end": { "line": 13, "column": 8 }
        },
        "loc": {
          "start": { "line": 13, "column": 33 },
          "end": { "line": 15, "column": 3 }
        }
      },
      "2": {
        "name": "(anonymous_2)",
        "decl": {
          "start": { "line": 17, "column": 2 },
          "end": { "line": 17, "column": 19 }
        },
        "loc": {
          "start": { "line": 17, "column": 54 },
          "end": { "line": 19, "column": 3 }
        }
      },
      "3": {
        "name": "(anonymous_3)",
        "decl": {
          "start": { "line": 21, "column": 2 },
          "end": { "line": 21, "column": 8 }
        },
        "loc": {
          "start": { "line": 21, "column": 8 },
          "end": { "line": 31, "column": 3 }
        }
      }
    },
    "branchMap": {
      "0": {
        "loc": {
          "start": { "line": 22, "column": 4 },
          "end": { "line": 28, "column": 5 }
        },
        "type": "if",
        "locations": [
          {
            "start": { "line": 22, "column": 4 },
            "end": { "line": 28, "column": 5 }
          },
          { "start": {}, "end": {} }
        ]
      }
    },
    "s": {
      "0": 1,
      "1": 3,
      "2": 2,
      "3": 2,
      "4": 1,
      "5": 4,
      "6": 2,
      "7": 2,
      "8": 1
    },
    "f": { "0": 3, "1": 2, "2": 1, "3": 4 },
    "b": { "0": [2, 2] }
  },
  "/Users/Mariia/Desktop/react-2025-Q3/rs-react-app/src/components/InputField/InputField.tsx": {
    "path": "/Users/Mariia/Desktop/react-2025-Q3/rs-react-app/src/components/InputField/InputField.tsx",
    "statementMap": {
      "0": {
        "start": { "line": 1, "column": 0 },
        "end": { "line": 1, "column": 34 }
      },
      "1": {
        "start": { "line": 3, "column": 0 },
        "end": { "line": 3, "column": 22 }
      },
      "2": {
        "start": { "line": 6, "column": 4 },
        "end": { "line": 14, "column": 6 }
      },
      "3": {
        "start": { "line": 4, "column": 0 },
        "end": { "line": 4, "column": 13 }
      }
    },
    "fnMap": {
      "0": {
        "name": "(anonymous_0)",
        "decl": {
          "start": { "line": 5, "column": 2 },
          "end": { "line": 5, "column": 8 }
        },
        "loc": {
          "start": { "line": 5, "column": 8 },
          "end": { "line": 15, "column": 3 }
        }
      }
    },
    "branchMap": {},
    "s": { "0": 2, "1": 2, "2": 5, "3": 2 },
    "f": { "0": 5 },
    "b": {}
  },
  "/Users/Mariia/Desktop/react-2025-Q3/rs-react-app/src/components/SearchBar/SearchBar.tsx": {
    "path": "/Users/Mariia/Desktop/react-2025-Q3/rs-react-app/src/components/SearchBar/SearchBar.tsx",
    "statementMap": {
      "0": {
        "start": { "line": 1, "column": 0 },
        "end": { "line": 1, "column": 52 }
      },
      "1": {
        "start": { "line": 2, "column": 0 },
        "end": { "line": 2, "column": 54 }
      },
      "2": {
        "start": { "line": 4, "column": 0 },
        "end": { "line": 4, "column": 42 }
      },
      "3": {
        "start": { "line": 8, "column": 4 },
        "end": { "line": 8, "column": 17 }
      },
      "4": {
        "start": { "line": 9, "column": 4 },
        "end": { "line": 9, "column": 63 }
      },
      "5": {
        "start": { "line": 10, "column": 4 },
        "end": { "line": 10, "column": 53 }
      },
      "6": {
        "start": { "line": 14, "column": 4 },
        "end": { "line": 14, "column": 44 }
      },
      "7": {
        "start": { "line": 18, "column": 4 },
        "end": { "line": 18, "column": 26 }
      },
      "8": {
        "start": { "line": 22, "column": 4 },
        "end": { "line": 31, "column": 6 }
      },
      "9": {
        "start": { "line": 6, "column": 0 },
        "end": { "line": 6, "column": 13 }
      }
    },
    "fnMap": {
      "0": {
        "name": "(anonymous_0)",
        "decl": {
          "start": { "line": 7, "column": 2 },
          "end": { "line": 7, "column": 14 }
        },
        "loc": {
          "start": { "line": 7, "column": 35 },
          "end": { "line": 11, "column": 3 }
        }
      },
      "1": {
        "name": "(anonymous_1)",
        "decl": {
          "start": { "line": 13, "column": 2 },
          "end": { "line": 13, "column": 19 }
        },
        "loc": {
          "start": { "line": 13, "column": 56 },
          "end": { "line": 15, "column": 3 }
        }
      },
      "2": {
        "name": "(anonymous_2)",
        "decl": {
          "start": { "line": 17, "column": 2 },
          "end": { "line": 17, "column": 14 }
        },
        "loc": {
          "start": { "line": 17, "column": 14 },
          "end": { "line": 19, "column": 3 }
        }
      },
      "3": {
        "name": "(anonymous_3)",
        "decl": {
          "start": { "line": 21, "column": 2 },
          "end": { "line": 21, "column": 8 }
        },
        "loc": {
          "start": { "line": 21, "column": 8 },
          "end": { "line": 32, "column": 3 }
        }
      }
    },
    "branchMap": {},
    "s": {
      "0": 1,
      "1": 1,
      "2": 1,
      "3": 4,
      "4": 4,
      "5": 4,
      "6": 2,
      "7": 1,
      "8": 4,
      "9": 1
    },
    "f": { "0": 4, "1": 2, "2": 1, "3": 4 },
    "b": {}
  }
}
