{"/Users/Mariia/Desktop/react-2025-Q3/rs-react-app/src/components/Button/Button.tsx": {"path":"/Users/Mariia/Desktop/react-2025-Q3/rs-react-app/src/components/Button/Button.tsx","statementMap":{"0":{"start":{"line":1,"column":0},"end":{"line":1,"column":34}},"1":{"start":{"line":6,"column":4},"end":{"line":6,"column":75}},"2":{"start":{"line":4,"column":0},"end":{"line":4,"column":13}}},"fnMap":{"0":{"name":"(anonymous_0)","decl":{"start":{"line":5,"column":2},"end":{"line":5,"column":8}},"loc":{"start":{"line":5,"column":8},"end":{"line":7,"column":3}}}},"branchMap":{},"s":{"0":4,"1":29,"2":4},"f":{"0":29},"b":{}}
,"/Users/Mariia/Desktop/react-2025-Q3/rs-react-app/src/components/Card/Card.tsx": {"path":"/Users/Mariia/Desktop/react-2025-Q3/rs-react-app/src/components/Card/Card.tsx","statementMap":{"0":{"start":{"line":1,"column":0},"end":{"line":1,"column":34}},"1":{"start":{"line":2,"column":0},"end":{"line":2,"column":48}},"2":{"start":{"line":4,"column":0},"end":{"line":4,"column":22}},"3":{"start":{"line":8,"column":4},"end":{"line":13,"column":6}},"4":{"start":{"line":6,"column":0},"end":{"line":6,"column":13}}},"fnMap":{"0":{"name":"(anonymous_0)","decl":{"start":{"line":7,"column":2},"end":{"line":7,"column":8}},"loc":{"start":{"line":7,"column":8},"end":{"line":14,"column":3}}}},"branchMap":{},"s":{"0":2,"1":2,"2":2,"3":2,"4":2},"f":{"0":2},"b":{}}
,"/Users/Mariia/Desktop/react-2025-Q3/rs-react-app/src/components/CardList/CardList.tsx": {"path":"/Users/Mariia/Desktop/react-2025-Q3/rs-react-app/src/components/CardList/CardList.tsx","statementMap":{"0":{"start":{"line":1,"column":0},"end":{"line":1,"column":34}},"1":{"start":{"line":3,"column":0},"end":{"line":3,"column":36}},"2":{"start":{"line":4,"column":0},"end":{"line":4,"column":22}},"3":{"start":{"line":6,"column":0},"end":{"line":6,"column":42}},"4":{"start":{"line":10,"column":4},"end":{"line":26,"column":6}},"5":{"start":{"line":15,"column":14},"end":{"line":16,"column":null}},"6":{"start":{"line":8,"column":0},"end":{"line":8,"column":21}}},"fnMap":{"0":{"name":"(anonymous_0)","decl":{"start":{"line":9,"column":2},"end":{"line":9,"column":8}},"loc":{"start":{"line":9,"column":8},"end":{"line":27,"column":3}}},"1":{"name":"(anonymous_1)","decl":{"start":{"line":14,"column":32},"end":{"line":14,"column":33}},"loc":{"start":{"line":15,"column":14},"end":{"line":16,"column":null}}}},"branchMap":{"0":{"loc":{"start":{"line":13,"column":11},"end":{"line":22,"column":14}},"type":"binary-expr","locations":[{"start":{"line":13,"column":11},"end":{"line":13,"column":37}},{"start":{"line":14,"column":12},"end":{"line":22,"column":14}}]}},"s":{"0":1,"1":1,"2":1,"3":1,"4":4,"5":1,"6":1},"f":{"0":4,"1":1},"b":{"0":[4,1]}}
,"/Users/Mariia/Desktop/react-2025-Q3/rs-react-app/src/components/CardMeta/CardMeta.tsx": {"path":"/Users/Mariia/Desktop/react-2025-Q3/rs-react-app/src/components/CardMeta/CardMeta.tsx","statementMap":{"0":{"start":{"line":1,"column":0},"end":{"line":1,"column":34}},"1":{"start":{"line":3,"column":0},"end":{"line":3,"column":22}},"2":{"start":{"line":7,"column":4},"end":{"line":22,"column":6}},"3":{"start":{"line":5,"column":0},"end":{"line":5,"column":13}}},"fnMap":{"0":{"name":"(anonymous_0)","decl":{"start":{"line":6,"column":2},"end":{"line":6,"column":8}},"loc":{"start":{"line":6,"column":8},"end":{"line":23,"column":3}}}},"branchMap":{},"s":{"0":3,"1":3,"2":3,"3":3},"f":{"0":3},"b":{}}
,"/Users/Mariia/Desktop/react-2025-Q3/rs-react-app/src/components/Container/Container.tsx": {"path":"/Users/Mariia/Desktop/react-2025-Q3/rs-react-app/src/components/Container/Container.tsx","statementMap":{"0":{"start":{"line":1,"column":0},"end":{"line":1,"column":50}},"1":{"start":{"line":2,"column":0},"end":{"line":2,"column":51}},"2":{"start":{"line":3,"column":0},"end":{"line":3,"column":44}},"3":{"start":{"line":5,"column":0},"end":{"line":5,"column":50}},"4":{"start":{"line":7,"column":22},"end":{"line":7,"column":64}},"5":{"start":{"line":7,"column":32},"end":{"line":7,"column":63}},"6":{"start":{"line":10,"column":4},"end":{"line":10,"column":17}},"7":{"start":{"line":11,"column":4},"end":{"line":16,"column":6}},"8":{"start":{"line":17,"column":4},"end":{"line":17,"column":53}},"9":{"start":{"line":18,"column":4},"end":{"line":18,"column":63}},"10":{"start":{"line":22,"column":4},"end":{"line":22,"column":39}},"11":{"start":{"line":26,"column":4},"end":{"line":47,"column":5}},"12":{"start":{"line":27,"column":20},"end":{"line":27,"column":57}},"13":{"start":{"line":28,"column":6},"end":{"line":28,"column":43}},"14":{"start":{"line":31,"column":6},"end":{"line":37,"column":7}},"15":{"start":{"line":32,"column":8},"end":{"line":32,"column":39}},"16":{"start":{"line":33,"column":8},"end":{"line":33,"column":58}},"17":{"start":{"line":35,"column":8},"end":{"line":35,"column":31}},"18":{"start":{"line":36,"column":8},"end":{"line":36,"column":32}},"19":{"start":{"line":39,"column":6},"end":{"line":46,"column":7}},"20":{"start":{"line":40,"column":8},"end":{"line":40,"column":47}},"21":{"start":{"line":41,"column":8},"end":{"line":41,"column":27}},"22":{"start":{"line":42,"column":8},"end":{"line":42,"column":48}},"23":{"start":{"line":44,"column":8},"end":{"line":44,"column":47}},"24":{"start":{"line":45,"column":8},"end":{"line":45,"column":50}},"25":{"start":{"line":51,"column":23},"end":{"line":51,"column":58}},"26":{"start":{"line":52,"column":4},"end":{"line":54,"column":7}},"27":{"start":{"line":52,"column":52},"end":{"line":54,"column":6}},"28":{"start":{"line":53,"column":6},"end":{"line":53,"column":26}},"29":{"start":{"line":58,"column":4},"end":{"line":58,"column":55}},"30":{"start":{"line":58,"column":37},"end":{"line":58,"column":55}},"31":{"start":{"line":59,"column":4},"end":{"line":75,"column":6}},"32":{"start":{"line":71,"column":36},"end":{"line":71,"column":74}},"33":{"start":{"line":8,"column":0},"end":{"line":8,"column":21}}},"fnMap":{"0":{"name":"(anonymous_16)","decl":{"start":{"line":7,"column":27},"end":{"line":7,"column":30}},"loc":{"start":{"line":7,"column":32},"end":{"line":7,"column":63}}},"1":{"name":"(anonymous_17)","decl":{"start":{"line":7,"column":32},"end":{"line":7,"column":40}},"loc":{"start":{"line":7,"column":32},"end":{"line":7,"column":63}}},"2":{"name":"(anonymous_18)","decl":{"start":{"line":9,"column":2},"end":{"line":9,"column":14}},"loc":{"start":{"line":9,"column":27},"end":{"line":19,"column":3}}},"3":{"name":"(anonymous_19)","decl":{"start":{"line":21,"column":2},"end":{"line":21,"column":19}},"loc":{"start":{"line":21,"column":36},"end":{"line":23,"column":3}}},"4":{"name":"(anonymous_20)","decl":{"start":{"line":25,"column":8},"end":{"line":25,"column":20}},"loc":{"start":{"line":25,"column":20},"end":{"line":48,"column":null}}},"5":{"name":"(anonymous_22)","decl":{"start":{"line":50,"column":2},"end":{"line":50,"column":19}},"loc":{"start":{"line":50,"column":19},"end":{"line":55,"column":3}}},"6":{"name":"(anonymous_23)","decl":{"start":{"line":52,"column":41},"end":{"line":52,"column":50}},"loc":{"start":{"line":52,"column":52},"end":{"line":54,"column":6}}},"7":{"name":"(anonymous_24)","decl":{"start":{"line":52,"column":52},"end":{"line":52,"column":null}},"loc":{"start":{"line":52,"column":52},"end":{"line":54,"column":5}}},"8":{"name":"(anonymous_25)","decl":{"start":{"line":57,"column":2},"end":{"line":57,"column":8}},"loc":{"start":{"line":57,"column":8},"end":{"line":76,"column":3}}},"9":{"name":"(anonymous_26)","decl":{"start":{"line":71,"column":30},"end":{"line":71,"column":33}},"loc":{"start":{"line":71,"column":36},"end":{"line":71,"column":74}}}},"branchMap":{"0":{"loc":{"start":{"line":31,"column":6},"end":{"line":37,"column":7}},"type":"if","locations":[{"start":{"line":31,"column":6},"end":{"line":37,"column":7}},{"start":{"line":34,"column":13},"end":{"line":37,"column":7}}]},"1":{"loc":{"start":{"line":39,"column":6},"end":{"line":46,"column":7}},"type":"if","locations":[{"start":{"line":39,"column":6},"end":{"line":46,"column":7}},{"start":{"line":43,"column":13},"end":{"line":46,"column":7}}]},"2":{"loc":{"start":{"line":51,"column":23},"end":{"line":51,"column":58}},"type":"binary-expr","locations":[{"start":{"line":51,"column":23},"end":{"line":51,"column":52}},{"start":{"line":51,"column":56},"end":{"line":51,"column":58}}]},"3":{"loc":{"start":{"line":58,"column":4},"end":{"line":58,"column":55}},"type":"if","locations":[{"start":{"line":58,"column":4},"end":{"line":58,"column":55}},{"start":{},"end":{}}]}},"s":{"0":1,"1":1,"2":1,"3":1,"4":1,"5":2,"6":3,"7":3,"8":3,"9":3,"10":10,"11":4,"12":4,"13":4,"14":4,"15":1,"16":1,"17":3,"18":3,"19":0,"20":0,"21":0,"22":0,"23":0,"24":0,"25":3,"26":3,"27":3,"28":3,"29":20,"30":0,"31":20,"32":0,"33":1},"f":{"0":1,"1":1,"2":3,"3":10,"4":4,"5":3,"6":3,"7":3,"8":20,"9":0},"b":{"0":[1,3],"1":[0,0],"2":[3,3],"3":[0,20]}}
,"/Users/Mariia/Desktop/react-2025-Q3/rs-react-app/src/components/ErrorBoundary/ErrorBoundary.tsx": {"path":"/Users/Mariia/Desktop/react-2025-Q3/rs-react-app/src/components/ErrorBoundary/ErrorBoundary.tsx","statementMap":{"0":{"start":{"line":1,"column":0},"end":{"line":1,"column":50}},"1":{"start":{"line":9,"column":4},"end":{"line":9,"column":17}},"2":{"start":{"line":10,"column":4},"end":{"line":10,"column":37}},"3":{"start":{"line":14,"column":4},"end":{"line":14,"column":30}},"4":{"start":{"line":18,"column":4},"end":{"line":18,"column":64}},"5":{"start":{"line":22,"column":4},"end":{"line":28,"column":5}},"6":{"start":{"line":23,"column":6},"end":{"line":27,"column":8}},"7":{"start":{"line":30,"column":4},"end":{"line":30,"column":31}},"8":{"start":{"line":4,"column":0},"end":{"line":4,"column":13}}},"fnMap":{"0":{"name":"(anonymous_0)","decl":{"start":{"line":8,"column":2},"end":{"line":8,"column":14}},"loc":{"start":{"line":8,"column":39},"end":{"line":11,"column":3}}},"1":{"name":"(anonymous_1)","decl":{"start":{"line":13,"column":2},"end":{"line":13,"column":8}},"loc":{"start":{"line":13,"column":33},"end":{"line":15,"column":3}}},"2":{"name":"(anonymous_2)","decl":{"start":{"line":17,"column":2},"end":{"line":17,"column":19}},"loc":{"start":{"line":17,"column":54},"end":{"line":19,"column":3}}},"3":{"name":"(anonymous_3)","decl":{"start":{"line":21,"column":2},"end":{"line":21,"column":8}},"loc":{"start":{"line":21,"column":8},"end":{"line":31,"column":3}}}},"branchMap":{"0":{"loc":{"start":{"line":22,"column":4},"end":{"line":28,"column":5}},"type":"if","locations":[{"start":{"line":22,"column":4},"end":{"line":28,"column":5}},{"start":{},"end":{}}]}},"s":{"0":1,"1":3,"2":2,"3":2,"4":1,"5":4,"6":2,"7":2,"8":1},"f":{"0":3,"1":2,"2":1,"3":4},"b":{"0":[2,2]}}
,"/Users/Mariia/Desktop/react-2025-Q3/rs-react-app/src/components/InputField/InputField.tsx": {"path":"/Users/Mariia/Desktop/react-2025-Q3/rs-react-app/src/components/InputField/InputField.tsx","statementMap":{"0":{"start":{"line":1,"column":0},"end":{"line":1,"column":34}},"1":{"start":{"line":3,"column":0},"end":{"line":3,"column":22}},"2":{"start":{"line":6,"column":4},"end":{"line":14,"column":6}},"3":{"start":{"line":4,"column":0},"end":{"line":4,"column":13}}},"fnMap":{"0":{"name":"(anonymous_0)","decl":{"start":{"line":5,"column":2},"end":{"line":5,"column":8}},"loc":{"start":{"line":5,"column":8},"end":{"line":15,"column":3}}}},"branchMap":{},"s":{"0":3,"1":3,"2":25,"3":3},"f":{"0":25},"b":{}}
,"/Users/Mariia/Desktop/react-2025-Q3/rs-react-app/src/components/SearchBar/SearchBar.tsx": {"path":"/Users/Mariia/Desktop/react-2025-Q3/rs-react-app/src/components/SearchBar/SearchBar.tsx","statementMap":{"0":{"start":{"line":1,"column":0},"end":{"line":1,"column":52}},"1":{"start":{"line":2,"column":0},"end":{"line":2,"column":54}},"2":{"start":{"line":4,"column":0},"end":{"line":4,"column":42}},"3":{"start":{"line":8,"column":4},"end":{"line":8,"column":17}},"4":{"start":{"line":9,"column":4},"end":{"line":9,"column":63}},"5":{"start":{"line":10,"column":4},"end":{"line":10,"column":53}},"6":{"start":{"line":14,"column":4},"end":{"line":14,"column":44}},"7":{"start":{"line":18,"column":4},"end":{"line":18,"column":26}},"8":{"start":{"line":22,"column":4},"end":{"line":31,"column":6}},"9":{"start":{"line":6,"column":0},"end":{"line":6,"column":13}}},"fnMap":{"0":{"name":"(anonymous_0)","decl":{"start":{"line":7,"column":2},"end":{"line":7,"column":14}},"loc":{"start":{"line":7,"column":35},"end":{"line":11,"column":3}}},"1":{"name":"(anonymous_1)","decl":{"start":{"line":13,"column":2},"end":{"line":13,"column":19}},"loc":{"start":{"line":13,"column":56},"end":{"line":15,"column":3}}},"2":{"name":"(anonymous_2)","decl":{"start":{"line":17,"column":2},"end":{"line":17,"column":14}},"loc":{"start":{"line":17,"column":14},"end":{"line":19,"column":3}}},"3":{"name":"(anonymous_3)","decl":{"start":{"line":21,"column":2},"end":{"line":21,"column":8}},"loc":{"start":{"line":21,"column":8},"end":{"line":32,"column":3}}}},"branchMap":{},"s":{"0":2,"1":2,"2":2,"3":7,"4":7,"5":7,"6":12,"7":2,"8":24,"9":2},"f":{"0":7,"1":12,"2":2,"3":24},"b":{}}
,"/Users/Mariia/Desktop/react-2025-Q3/rs-react-app/src/test-utils/mockGetData.ts": {"path":"/Users/Mariia/Desktop/react-2025-Q3/rs-react-app/src/test-utils/mockGetData.ts","statementMap":{"0":{"start":{"line":1,"column":13},"end":{"line":19,"column":4}},"1":{"start":{"line":1,"column":41},"end":{"line":19,"column":2}}},"fnMap":{"0":{"name":"(anonymous_0)","decl":{"start":{"line":1,"column":35},"end":{"line":1,"column":38}},"loc":{"start":{"line":1,"column":41},"end":{"line":19,"column":2}}}},"branchMap":{},"s":{"0":1,"1":3},"f":{"0":3},"b":{}}
,"/Users/Mariia/Desktop/react-2025-Q3/rs-react-app/src/test-utils/mockGetPokemon.ts": {"path":"/Users/Mariia/Desktop/react-2025-Q3/rs-react-app/src/test-utils/mockGetPokemon.ts","statementMap":{"0":{"start":{"line":1,"column":13},"end":{"line":6,"column":4}},"1":{"start":{"line":1,"column":44},"end":{"line":6,"column":2}}},"fnMap":{"0":{"name":"(anonymous_0)","decl":{"start":{"line":1,"column":38},"end":{"line":1,"column":41}},"loc":{"start":{"line":1,"column":44},"end":{"line":6,"column":2}}}},"branchMap":{},"s":{"0":1,"1":1},"f":{"0":1},"b":{}}
}
