TN:
SF:src/components/Button/Button.tsx
FN:3,Button
FNF:1
FNH:1
FNDA:208,Button
DA:3,6
DA:4,208
LF:2
LH:2
BRF:0
BRH:0
end_of_record
TN:
SF:src/components/Card/Card.tsx
FN:6,Card
FN:9,(anonymous_1)
FN:18,(anonymous_2)
FNF:3
FNH:3
FNDA:4,Card
FNDA:1,(anonymous_1)
FNDA:1,(anonymous_2)
DA:1,3
DA:3,3
DA:4,3
DA:6,3
DA:7,4
DA:8,4
DA:9,4
DA:10,1
DA:11,1
DA:13,4
DA:18,1
LF:11
LH:11
BRF:0
BRH:0
end_of_record
TN:
SF:src/components/CardList/CardList.tsx
FN:7,CardList
FN:17,(anonymous_1)
FNF:2
FNH:2
FNDA:35,CardList
FNDA:2,(anonymous_1)
DA:1,2
DA:2,2
DA:4,2
DA:5,2
DA:7,2
DA:13,35
DA:18,2
LF:7
LH:7
BRDA:16,0,0,35
BRDA:16,0,1,2
BRF:2
BRH:2
end_of_record
TN:
SF:src/components/CardMeta/CardMeta.tsx
FN:4,CardMeta
FNF:1
FNH:1
FNDA:6,CardMeta
DA:2,4
DA:4,4
DA:5,6
LF:3
LH:3
BRF:0
BRH:0
end_of_record
TN:
SF:src/components/Details/Details.tsx
FN:8,Details
FN:15,(anonymous_1)
FN:18,(anonymous_2)
FN:23,(anonymous_3)
FN:58,(anonymous_4)
FNF:5
FNH:5
FNDA:16,Details
FNDA:1,(anonymous_1)
FNDA:6,(anonymous_2)
FNDA:5,(anonymous_3)
FNDA:2,(anonymous_4)
DA:1,1
DA:3,1
DA:4,1
DA:5,1
DA:6,1
DA:8,1
DA:9,16
DA:10,16
DA:11,16
DA:12,16
DA:13,16
DA:15,16
DA:16,1
DA:18,16
DA:19,6
DA:20,5
DA:21,5
DA:23,5
DA:28,16
DA:29,11
DA:30,4
DA:59,2
LF:22
LH:22
BRDA:19,0,0,5
BRDA:19,0,1,1
BRDA:28,1,0,5
BRDA:28,1,1,11
BRDA:29,2,0,7
BRDA:29,2,1,4
BRDA:34,3,0,4
BRDA:34,3,1,1
BRDA:50,4,0,4
BRDA:50,4,1,4
BRDA:57,5,0,4
BRDA:57,5,1,4
BRF:12
BRH:12
end_of_record
TN:
SF:src/components/ErrorBoundary/ErrorBoundary.tsx
FN:8,(anonymous_0)
FN:13,(anonymous_1)
FN:17,(anonymous_2)
FN:21,(anonymous_3)
FNF:4
FNH:4
FNDA:11,(anonymous_0)
FNDA:7,(anonymous_1)
FNDA:6,(anonymous_2)
FNDA:16,(anonymous_3)
DA:1,2
DA:4,2
DA:9,11
DA:10,9
DA:14,7
DA:18,6
DA:22,16
DA:23,7
DA:32,9
LF:9
LH:9
BRDA:22,0,0,7
BRDA:22,0,1,9
BRF:2
BRH:2
end_of_record
TN:
SF:src/components/InputField/InputField.tsx
FN:3,InputField
FNF:1
FNH:1
FNDA:49,InputField
DA:2,3
DA:3,3
DA:4,49
LF:3
LH:3
BRF:0
BRH:0
end_of_record
TN:
SF:src/components/Main/Main.tsx
FN:11,(anonymous_16)
FN:11,(anonymous_17)
FN:12,Main
FN:23,(anonymous_19)
FN:29,(anonymous_20)
FN:33,(anonymous_21)
FN:33,(anonymous_22)
FN:61,(anonymous_23)
FN:71,(anonymous_24)
FN:78,(anonymous_25)
FN:110,(anonymous_26)
FN:124,(anonymous_27)
FNF:12
FNH:12
FNDA:1,(anonymous_16)
FNDA:1,(anonymous_17)
FNDA:45,Main
FNDA:10,(anonymous_19)
FNDA:10,(anonymous_20)
FNDA:11,(anonymous_21)
FNDA:11,(anonymous_22)
FNDA:15,(anonymous_23)
FNDA:5,(anonymous_24)
FNDA:1,(anonymous_25)
FNDA:1,(anonymous_26)
FNDA:1,(anonymous_27)
DA:1,1
DA:2,1
DA:3,1
DA:4,1
DA:6,1
DA:7,1
DA:8,1
DA:9,1
DA:11,2
DA:12,1
DA:13,45
DA:14,44
DA:15,44
DA:16,44
DA:17,44
DA:18,44
DA:19,44
DA:20,44
DA:21,44
DA:23,44
DA:24,10
DA:25,10
DA:26,10
DA:29,44
DA:30,10
DA:33,44
DA:34,11
DA:36,11
DA:37,11
DA:38,11
DA:40,11
DA:41,4
DA:42,1
DA:44,7
DA:45,4
DA:46,4
DA:49,6
DA:50,5
DA:51,5
DA:53,1
DA:54,1
DA:57,11
DA:61,44
DA:62,15
DA:63,5
DA:67,44
DA:71,5
DA:78,1
DA:110,1
DA:124,1
LF:50
LH:50
BRDA:17,0,0,44
BRDA:17,0,1,44
BRDA:24,1,0,10
BRDA:24,1,1,7
BRDA:33,2,0,1
BRDA:40,3,0,4
BRDA:40,3,1,7
BRDA:49,4,0,5
BRDA:49,4,1,1
BRDA:62,5,0,5
BRDA:62,5,1,10
BRDA:82,6,0,12
BRDA:82,6,1,32
BRDA:117,7,0,44
BRDA:117,7,1,2
BRF:15
BRH:15
end_of_record
TN:
SF:src/components/NotFoundPage/NotFoundPage.tsx
FN:3,NotFoundPage
FNF:1
FNH:1
FNDA:1,NotFoundPage
DA:1,1
DA:3,1
DA:4,1
LF:3
LH:3
BRF:0
BRH:0
end_of_record
TN:
SF:src/components/Pagination/Pagination.tsx
FN:6,Pagination
FN:8,(anonymous_1)
FN:13,(anonymous_2)
FNF:3
FNH:3
FNDA:38,Pagination
FNDA:1,(anonymous_1)
FNDA:1,(anonymous_2)
DA:1,3
DA:3,3
DA:4,3
DA:6,3
DA:7,38
DA:8,38
DA:9,1
DA:10,1
DA:11,1
DA:13,38
DA:14,1
DA:15,1
DA:17,38
LF:13
LH:13
BRF:0
BRH:0
end_of_record
TN:
SF:src/components/SearchBar/SearchBar.tsx
FN:6,SearchBar
FN:11,(anonymous_1)
FNF:2
FNH:2
FNDA:48,SearchBar
FNDA:12,(anonymous_1)
DA:2,2
DA:4,2
DA:6,2
DA:7,48
DA:12,12
LF:5
LH:5
BRF:0
BRH:0
end_of_record
TN:
SF:src/customHooks/useLS.ts
FN:3,useLS
FN:4,(anonymous_1)
FN:14,(anonymous_2)
FN:22,(anonymous_3)
FNF:4
FNH:4
FNDA:55,useLS
FNDA:17,(anonymous_1)
FNDA:22,(anonymous_2)
FNDA:2,(anonymous_3)
DA:1,2
DA:3,2
DA:4,55
DA:5,17
DA:6,17
DA:7,14
DA:9,3
DA:10,3
DA:14,55
DA:15,22
DA:16,22
DA:18,3
DA:22,55
DA:23,2
DA:24,2
DA:25,1
DA:27,1
DA:31,55
LF:18
LH:18
BRDA:7,0,0,4
BRDA:7,0,1,10
BRF:2
BRH:2
end_of_record
TN:
SF:src/test-utils/mockGetData.ts
FN:1,(anonymous_0)
FNF:1
FNH:1
FNDA:4,(anonymous_0)
DA:1,1
DA:2,4
LF:2
LH:2
BRF:0
BRH:0
end_of_record
TN:
SF:src/test-utils/mockGetPokemon.ts
FN:1,(anonymous_0)
FNF:1
FNH:1
FNDA:1,(anonymous_0)
DA:1,2
DA:2,1
LF:2
LH:2
BRF:0
BRH:0
end_of_record
