TN:
SF:src/components/Button/Button.tsx
FN:5,(anonymous_0)
FNF:1
FNH:1
FNDA:59,(anonymous_0)
DA:1,4
DA:4,4
DA:6,59
LF:3
LH:3
BRF:0
BRH:0
end_of_record
TN:
SF:src/components/Card/Card.tsx
FN:7,(anonymous_0)
FNF:1
FNH:1
FNDA:3,(anonymous_0)
DA:1,3
DA:2,3
DA:4,3
DA:6,3
DA:8,3
LF:5
LH:5
BRF:0
BRH:0
end_of_record
TN:
SF:src/components/CardList/CardList.tsx
FN:9,(anonymous_0)
FN:14,(anonymous_1)
FNF:2
FNH:2
FNDA:28,(anonymous_0)
FNDA:2,(anonymous_1)
DA:1,2
DA:3,2
DA:4,2
DA:6,2
DA:8,2
DA:10,28
DA:15,2
LF:7
LH:7
BRDA:13,0,0,28
BRDA:13,0,1,2
BRF:2
BRH:2
end_of_record
TN:
SF:src/components/CardMeta/CardMeta.tsx
FN:6,(anonymous_0)
FNF:1
FNH:1
FNDA:4,(anonymous_0)
DA:1,4
DA:3,4
DA:5,4
DA:7,4
LF:4
LH:4
BRF:0
BRH:0
end_of_record
TN:
SF:src/components/Container/Container.tsx
FN:7,(anonymous_16)
FN:7,(anonymous_17)
FN:9,(anonymous_18)
FN:21,(anonymous_19)
FN:25,(anonymous_20)
FN:49,(anonymous_22)
FN:51,(anonymous_23)
FN:51,(anonymous_24)
FN:56,(anonymous_25)
FN:70,(anonymous_26)
FNF:10
FNH:9
FNDA:1,(anonymous_16)
FNDA:1,(anonymous_17)
FNDA:7,(anonymous_18)
FNDA:10,(anonymous_19)
FNDA:7,(anonymous_20)
FNDA:6,(anonymous_22)
FNDA:6,(anonymous_23)
FNDA:6,(anonymous_24)
FNDA:32,(anonymous_25)
FNDA:0,(anonymous_26)
DA:1,1
DA:2,1
DA:3,1
DA:5,1
DA:7,2
DA:8,1
DA:10,7
DA:11,6
DA:17,6
DA:18,6
DA:22,10
DA:26,7
DA:27,7
DA:28,7
DA:31,7
DA:32,4
DA:33,1
DA:35,3
DA:36,3
DA:39,3
DA:40,3
DA:41,3
DA:43,0
DA:44,0
DA:50,6
DA:51,6
DA:52,6
DA:57,32
DA:58,26
DA:70,0
LF:30
LH:27
BRDA:31,0,0,4
BRDA:31,0,1,3
BRDA:39,1,0,3
BRDA:39,1,1,0
BRDA:50,2,0,6
BRDA:50,2,1,3
BRDA:57,3,0,6
BRDA:57,3,1,26
BRF:8
BRH:7
end_of_record
TN:
SF:src/components/ErrorBoundary/ErrorBoundary.tsx
FN:8,(anonymous_0)
FN:13,(anonymous_1)
FN:17,(anonymous_2)
FN:21,(anonymous_3)
FNF:4
FNH:4
FNDA:7,(anonymous_0)
FNDA:8,(anonymous_1)
FNDA:4,(anonymous_2)
FNDA:13,(anonymous_3)
DA:1,2
DA:4,2
DA:9,7
DA:10,5
DA:14,8
DA:18,4
DA:22,13
DA:23,8
DA:30,5
LF:9
LH:9
BRDA:22,0,0,8
BRDA:22,0,1,5
BRF:2
BRH:2
end_of_record
TN:
SF:src/components/InputField/InputField.tsx
FN:5,(anonymous_0)
FNF:1
FNH:1
FNDA:31,(anonymous_0)
DA:1,3
DA:3,3
DA:4,3
DA:6,31
LF:4
LH:4
BRF:0
BRH:0
end_of_record
TN:
SF:src/components/SearchBar/SearchBar.tsx
FN:7,(anonymous_0)
FN:13,(anonymous_1)
FN:17,(anonymous_2)
FN:21,(anonymous_3)
FNF:4
FNH:4
FNDA:10,(anonymous_0)
FNDA:12,(anonymous_1)
FNDA:2,(anonymous_2)
FNDA:30,(anonymous_3)
DA:1,2
DA:2,2
DA:4,2
DA:6,2
DA:8,10
DA:9,10
DA:10,10
DA:14,12
DA:18,2
DA:22,30
LF:10
LH:10
BRF:0
BRH:0
end_of_record
TN:
SF:src/test-utils/mockGetData.ts
FN:1,(anonymous_0)
FNF:1
FNH:1
FNDA:3,(anonymous_0)
DA:1,1
DA:2,3
LF:2
LH:2
BRF:0
BRH:0
end_of_record
TN:
SF:src/test-utils/mockGetPokemon.ts
FN:1,(anonymous_0)
FNF:1
FNH:1
FNDA:1,(anonymous_0)
DA:1,1
DA:2,1
LF:2
LH:2
BRF:0
BRH:0
end_of_record
